TN:
SF:src/lib/api-guard.ts
FN:23,guardAdmin
FN:43,guardAgentWrite
FN:59,guardUserAdmin
FNF:3
FNH:3
FNDA:7,guardAdmin
FNDA:8,guardAgentWrite
FNDA:6,guardUserAdmin
DA:14,1
DA:24,7
DA:25,7
DA:26,2
DA:28,5
DA:29,2
DA:31,3
DA:44,8
DA:45,8
DA:46,7
DA:47,7
DA:48,5
DA:60,6
DA:61,6
DA:62,1
DA:64,5
DA:65,3
DA:67,2
LF:18
LH:18
BRDA:25,0,0,2
BRDA:25,0,1,5
BRDA:28,1,0,2
BRDA:28,1,1,3
BRDA:28,2,0,5
BRDA:28,2,1,1
BRDA:45,3,0,1
BRDA:45,3,1,7
BRDA:47,4,0,2
BRDA:47,4,1,5
BRDA:61,5,0,1
BRDA:61,5,1,5
BRDA:64,6,0,3
BRDA:64,6,1,2
BRDA:64,7,0,5
BRDA:64,7,1,1
BRF:16
BRH:16
end_of_record
TN:
SF:src/lib/auth.ts
FN:32,signSession
FN:44,verifySession
FN:65,authenticateUser
FN:87,hashPassword
FN:97,getSessionFromRequest
FN:112,requireRole
FNF:6
FNH:6
FNDA:34,signSession
FNDA:39,verifySession
FNDA:5,authenticateUser
FNDA:4,hashPassword
FNDA:33,getSessionFromRequest
FNDA:6,requireRole
DA:14,2
DA:15,2
DA:16,2
DA:17,2
DA:33,34
DA:34,34
DA:35,34
DA:45,39
DA:46,39
DA:47,36
DA:48,36
DA:49,36
DA:50,31
DA:51,31
DA:53,1
DA:67,5
DA:68,2
DA:72,3
DA:73,3
DA:75,1
DA:76,1
DA:78,0
DA:88,4
DA:98,33
DA:99,33
DA:100,33
DA:101,27
DA:113,6
DA:114,6
DA:116,5
DA:117,5
DA:118,2
DA:120,3
LF:33
LH:32
BRDA:14,0,0,2
BRDA:14,0,1,2
BRDA:15,1,0,2
BRDA:15,1,1,2
BRDA:16,2,0,2
BRDA:16,2,1,2
BRDA:46,3,0,3
BRDA:46,3,1,36
BRDA:49,4,0,5
BRDA:49,4,1,31
BRDA:67,5,0,2
BRDA:67,5,1,3
BRDA:67,6,0,5
BRDA:67,6,1,3
BRDA:73,7,0,2
BRDA:73,7,1,1
BRDA:76,8,0,1
BRDA:76,8,1,0
BRDA:98,9,0,33
BRDA:98,9,1,5
BRDA:100,10,0,6
BRDA:100,10,1,27
BRDA:114,11,0,1
BRDA:114,11,1,5
BRDA:117,12,0,2
BRDA:117,12,1,3
BRDA:117,13,0,5
BRDA:117,13,1,0
BRDA:117,14,0,6
BRDA:117,14,1,0
BRF:30
BRH:27
end_of_record
TN:
SF:src/lib/boss-registry.ts
FN:26,regenerateBossRegistry
FN:28,(anonymous_1)
FN:43,regenerateSingleBossRegistry
FN:44,(anonymous_3)
FN:47,(anonymous_4)
FNF:5
FNH:5
FNDA:15,regenerateBossRegistry
FNDA:33,(anonymous_1)
FNDA:17,regenerateSingleBossRegistry
FNDA:46,(anonymous_3)
FNDA:15,(anonymous_4)
DA:27,15
DA:28,33
DA:29,14
DA:31,13
DA:32,17
DA:44,46
DA:45,17
DA:47,15
DA:48,15
DA:49,15
DA:52,15
DA:80,15
DA:81,15
LF:13
LH:13
BRDA:29,0,0,1
BRDA:29,0,1,13
BRDA:44,1,0,46
BRDA:44,1,1,17
BRDA:45,2,0,2
BRDA:45,2,1,15
BRDA:48,3,0,15
BRDA:48,3,1,0
BRDA:49,4,0,15
BRDA:49,4,1,14
BRF:10
BRH:9
end_of_record
TN:
SF:src/lib/compile.ts
FN:23,compileSkillsOnly
FN:32,(anonymous_1)
FN:33,(anonymous_2)
FN:44,skillToSnapshotSkill
FNF:4
FNH:4
FNDA:12,compileSkillsOnly
FNDA:11,(anonymous_1)
FNDA:15,(anonymous_2)
FNDA:2,skillToSnapshotSkill
DA:27,12
DA:28,4
DA:29,3
DA:31,8
DA:32,11
DA:33,15
DA:45,2
LF:7
LH:7
BRDA:27,0,0,4
BRDA:27,0,1,8
BRDA:28,1,0,1
BRDA:28,1,1,3
BRDA:29,2,0,3
BRDA:29,2,1,1
BRDA:29,3,0,4
BRDA:29,3,1,2
BRF:8
BRH:8
end_of_record
TN:
SF:src/lib/db.ts
FN:50,getPool
FN:71,getRedis
FN:86,publishAgentEvent
FN:101,rowToAgent
FN:129,rowToMcpServer
FN:147,rowToSkill
FN:166,rowToMemory
FN:187,getAllAgents
FN:198,getAgentById
FN:209,getAgentBySlug
FN:220,createAgent
FN:244,updateAgentStatus
FN:258,updateAgent
FN:290,updateAgentClaudeMd
FN:303,deleteAgent
FN:313,getAgentSessions
FN:318,(anonymous_16)
FN:336,upsertMemory
FN:362,getAllMcpServers
FN:373,getAgentMcpServers
FN:389,createMcpServer
FN:405,updateMcpServer
FN:435,getMcpServerById
FN:447,deleteMcpServer
FN:460,setAgentMcps
FN:491,getAgentSkills
FN:510,upsertSkill
FN:534,deleteSkill
FN:544,deleteSkillsByAgent
FN:558,getAgentPermissions
FN:580,upsertPermissions
FN:604,getAgentMemories
FN:618,deleteMemory
FN:632,getSetting
FN:644,setSetting
FN:658,getAllSettings
FN:677,getUserByUsername
FN:692,getAllUsers
FN:694,(anonymous_38)
FN:705,createUser
FN:718,deleteUser
FN:729,updateUserRole
FN:740,getAgentWriteUsers
FN:749,(anonymous_43)
FN:755,grantAgentWrite
FN:765,revokeAgentWrite
FN:773,userCanWriteAgent
FN:794,rowToJob
FN:811,rowToJobRun
FN:828,getAllJobs
FN:839,(anonymous_50)
FN:855,getJobById
FN:866,createJob
FN:882,updateJob
FN:906,deleteJob
FN:918,getJobRuns
FN:936,rowToSnapshot
FN:970,createSnapshot
FN:1025,listSnapshots
FN:1039,getSnapshotById
FN:1050,deleteSnapshot
FNF:61
FNH:0
FNDA:0,getPool
FNDA:0,getRedis
FNDA:0,publishAgentEvent
FNDA:0,rowToAgent
FNDA:0,rowToMcpServer
FNDA:0,rowToSkill
FNDA:0,rowToMemory
FNDA:0,getAllAgents
FNDA:0,getAgentById
FNDA:0,getAgentBySlug
FNDA:0,createAgent
FNDA:0,updateAgentStatus
FNDA:0,updateAgent
FNDA:0,updateAgentClaudeMd
FNDA:0,deleteAgent
FNDA:0,getAgentSessions
FNDA:0,(anonymous_16)
FNDA:0,upsertMemory
FNDA:0,getAllMcpServers
FNDA:0,getAgentMcpServers
FNDA:0,createMcpServer
FNDA:0,updateMcpServer
FNDA:0,getMcpServerById
FNDA:0,deleteMcpServer
FNDA:0,setAgentMcps
FNDA:0,getAgentSkills
FNDA:0,upsertSkill
FNDA:0,deleteSkill
FNDA:0,deleteSkillsByAgent
FNDA:0,getAgentPermissions
FNDA:0,upsertPermissions
FNDA:0,getAgentMemories
FNDA:0,deleteMemory
FNDA:0,getSetting
FNDA:0,setSetting
FNDA:0,getAllSettings
FNDA:0,getUserByUsername
FNDA:0,getAllUsers
FNDA:0,(anonymous_38)
FNDA:0,createUser
FNDA:0,deleteUser
FNDA:0,updateUserRole
FNDA:0,getAgentWriteUsers
FNDA:0,(anonymous_43)
FNDA:0,grantAgentWrite
FNDA:0,revokeAgentWrite
FNDA:0,userCanWriteAgent
FNDA:0,rowToJob
FNDA:0,rowToJobRun
FNDA:0,getAllJobs
FNDA:0,(anonymous_50)
FNDA:0,getJobById
FNDA:0,createJob
FNDA:0,updateJob
FNDA:0,deleteJob
FNDA:0,getJobRuns
FNDA:0,rowToSnapshot
FNDA:0,createSnapshot
FNDA:0,listSnapshots
FNDA:0,getSnapshotById
FNDA:0,deleteSnapshot
DA:42,1
DA:51,0
DA:52,0
DA:53,0
DA:54,0
DA:56,0
DA:63,1
DA:72,0
DA:73,0
DA:74,0
DA:76,0
DA:87,0
DA:88,0
DA:102,0
DA:130,0
DA:148,0
DA:167,0
DA:188,0
DA:189,0
DA:199,0
DA:200,0
DA:210,0
DA:211,0
DA:221,0
DA:234,0
DA:245,0
DA:259,0
DA:260,0
DA:261,0
DA:263,0
DA:264,0
DA:265,0
DA:266,0
DA:267,0
DA:268,0
DA:269,0
DA:271,0
DA:273,0
DA:274,0
DA:275,0
DA:279,0
DA:291,0
DA:304,0
DA:314,0
DA:318,0
DA:342,0
DA:350,0
DA:363,0
DA:364,0
DA:374,0
DA:380,0
DA:390,0
DA:395,0
DA:409,0
DA:410,0
DA:411,0
DA:413,0
DA:414,0
DA:415,0
DA:416,0
DA:417,0
DA:419,0
DA:421,0
DA:422,0
DA:426,0
DA:436,0
DA:437,0
DA:448,0
DA:461,0
DA:462,0
DA:463,0
DA:464,0
DA:465,0
DA:466,0
DA:471,0
DA:473,0
DA:474,0
DA:476,0
DA:492,0
DA:496,0
DA:517,0
DA:525,0
DA:535,0
DA:545,0
DA:559,0
DA:560,0
DA:561,0
DA:562,0
DA:585,0
DA:605,0
DA:609,0
DA:619,0
DA:633,0
DA:634,0
DA:645,0
DA:659,0
DA:660,0
DA:661,0
DA:662,0
DA:664,0
DA:678,0
DA:682,0
DA:683,0
DA:684,0
DA:693,0
DA:694,0
DA:706,0
DA:710,0
DA:719,0
DA:730,0
DA:741,0
DA:749,0
DA:756,0
DA:766,0
DA:774,0
DA:776,0
DA:784,0
DA:795,0
DA:812,0
DA:829,0
DA:839,0
DA:856,0
DA:857,0
DA:867,0
DA:872,0
DA:883,0
DA:884,0
DA:885,0
DA:886,0
DA:887,0
DA:888,0
DA:889,0
DA:890,0
DA:891,0
DA:892,0
DA:893,0
DA:894,0
DA:895,0
DA:898,0
DA:907,0
DA:919,0
DA:923,0
DA:937,0
DA:981,0
DA:982,0
DA:983,0
DA:985,0
DA:996,0
DA:1007,0
DA:1008,0
DA:1010,0
DA:1011,0
DA:1013,0
DA:1026,0
DA:1030,0
DA:1040,0
DA:1041,0
DA:1051,0
LF:158
LH:2
BRDA:51,0,0,0
BRDA:51,0,1,0
BRDA:53,1,0,0
BRDA:53,1,1,0
BRDA:72,2,0,0
BRDA:72,2,1,0
BRDA:72,3,0,0
BRDA:72,3,1,0
BRDA:73,4,0,0
BRDA:73,4,1,0
BRDA:115,5,0,0
BRDA:115,5,1,0
BRDA:116,6,0,0
BRDA:116,6,1,0
BRDA:117,7,0,0
BRDA:117,7,1,0
BRDA:200,8,0,0
BRDA:200,8,1,0
BRDA:211,9,0,0
BRDA:211,9,1,0
BRDA:220,10,0,0
BRDA:228,11,0,0
BRDA:228,11,1,0
BRDA:228,12,0,0
BRDA:228,12,1,0
BRDA:230,13,0,0
BRDA:230,13,1,0
BRDA:230,14,0,0
BRDA:230,14,1,0
BRDA:230,15,0,0
BRDA:230,15,1,0
BRDA:263,16,0,0
BRDA:263,16,1,0
BRDA:264,17,0,0
BRDA:264,17,1,0
BRDA:265,18,0,0
BRDA:265,18,1,0
BRDA:266,19,0,0
BRDA:266,19,1,0
BRDA:267,20,0,0
BRDA:267,20,1,0
BRDA:268,21,0,0
BRDA:268,21,1,0
BRDA:269,22,0,0
BRDA:269,22,1,0
BRDA:271,23,0,0
BRDA:271,23,1,0
BRDA:279,24,0,0
BRDA:279,24,1,0
BRDA:393,25,0,0
BRDA:393,25,1,0
BRDA:393,26,0,0
BRDA:393,26,1,0
BRDA:413,27,0,0
BRDA:413,27,1,0
BRDA:414,28,0,0
BRDA:414,28,1,0
BRDA:415,29,0,0
BRDA:415,29,1,0
BRDA:416,30,0,0
BRDA:416,30,1,0
BRDA:417,31,0,0
BRDA:417,31,1,0
BRDA:419,32,0,0
BRDA:419,32,1,0
BRDA:426,33,0,0
BRDA:426,33,1,0
BRDA:437,34,0,0
BRDA:437,34,1,0
BRDA:515,35,0,0
BRDA:560,36,0,0
BRDA:560,36,1,0
BRDA:634,37,0,0
BRDA:634,37,1,0
BRDA:682,38,0,0
BRDA:682,38,1,0
BRDA:774,39,0,0
BRDA:774,39,1,0
BRDA:774,40,0,0
BRDA:774,40,1,0
BRDA:816,41,0,0
BRDA:816,41,1,0
BRDA:818,42,0,0
BRDA:818,42,1,0
BRDA:819,43,0,0
BRDA:819,43,1,0
BRDA:841,44,0,0
BRDA:841,44,1,0
BRDA:843,45,0,0
BRDA:843,45,1,0
BRDA:844,46,0,0
BRDA:844,46,1,0
BRDA:844,47,0,0
BRDA:844,47,1,0
BRDA:857,48,0,0
BRDA:857,48,1,0
BRDA:870,49,0,0
BRDA:870,49,1,0
BRDA:870,50,0,0
BRDA:870,50,1,0
BRDA:886,51,0,0
BRDA:886,51,1,0
BRDA:887,52,0,0
BRDA:887,52,1,0
BRDA:888,53,0,0
BRDA:888,53,1,0
BRDA:889,54,0,0
BRDA:889,54,1,0
BRDA:890,55,0,0
BRDA:890,55,1,0
BRDA:891,56,0,0
BRDA:891,56,1,0
BRDA:892,57,0,0
BRDA:892,57,1,0
BRDA:898,58,0,0
BRDA:898,58,1,0
BRDA:918,59,0,0
BRDA:918,60,0,0
BRDA:943,61,0,0
BRDA:943,61,1,0
BRDA:944,62,0,0
BRDA:944,62,1,0
BRDA:945,63,0,0
BRDA:945,63,1,0
BRDA:946,64,0,0
BRDA:946,64,1,0
BRDA:1025,65,0,0
BRDA:1025,66,0,0
BRDA:1041,67,0,0
BRDA:1041,67,1,0
BRF:130
BRH:0
end_of_record
TN:
SF:src/lib/diff.ts
FN:21,lineDiff
FN:26,(anonymous_1)
FNF:2
FNH:2
FNDA:12,lineDiff
FNDA:33,(anonymous_1)
DA:22,12
DA:23,12
DA:24,12
DA:26,33
DA:27,12
DA:28,21
DA:29,41
DA:31,12
DA:32,12
DA:33,12
DA:34,32
DA:35,10
DA:36,22
DA:37,11
DA:39,11
DA:42,12
LF:16
LH:16
BRDA:29,0,0,10
BRDA:29,0,1,31
BRDA:33,1,0,12
BRDA:33,1,1,12
BRDA:34,2,0,10
BRDA:34,2,1,22
BRDA:34,3,0,32
BRDA:34,3,1,32
BRDA:34,3,2,23
BRDA:36,4,0,11
BRDA:36,4,1,11
BRDA:36,5,0,22
BRDA:36,5,1,13
BRDA:36,5,2,13
BRF:14
BRH:14
end_of_record
TN:
SF:src/lib/mcp-mask.ts
FN:24,maskMcpConfig
FN:49,maskMcpServer
FN:62,mergeMcpConfig
FNF:3
FNH:3
FNDA:12,maskMcpConfig
FNDA:3,maskMcpServer
FNDA:12,mergeMcpConfig
DA:14,1
DA:25,12
DA:26,12
DA:27,8
DA:28,8
DA:29,12
DA:31,8
DA:33,4
DA:34,3
DA:35,3
DA:36,4
DA:38,3
DA:40,1
DA:50,3
DA:63,12
DA:64,12
DA:66,12
DA:67,6
DA:68,6
DA:69,8
DA:72,6
DA:73,9
DA:75,6
DA:78,6
DA:79,5
DA:80,5
DA:81,6
DA:83,5
DA:84,7
DA:86,5
DA:89,1
LF:31
LH:31
BRDA:26,0,0,8
BRDA:26,0,1,4
BRDA:26,1,0,12
BRDA:26,1,1,8
BRDA:33,2,0,3
BRDA:33,2,1,1
BRDA:33,3,0,4
BRDA:33,3,1,3
BRDA:66,4,0,6
BRDA:66,4,1,6
BRDA:66,5,0,12
BRDA:66,5,1,6
BRDA:66,5,2,6
BRDA:66,5,3,6
BRDA:69,6,0,4
BRDA:69,6,1,4
BRDA:69,7,0,4
BRDA:69,7,1,0
BRDA:73,8,0,1
BRDA:73,8,1,8
BRDA:78,9,0,5
BRDA:78,9,1,1
BRDA:78,10,0,6
BRDA:78,10,1,5
BRDA:78,10,2,5
BRDA:78,10,3,5
BRDA:81,11,0,4
BRDA:81,11,1,2
BRDA:81,12,0,4
BRDA:81,12,1,0
BRDA:84,13,0,1
BRDA:84,13,1,6
BRF:32
BRH:30
end_of_record
TN:
SF:src/lib/portal.tsx
FN:18,Portal
FN:20,(anonymous_1)
FNF:2
FNH:0
FNDA:0,Portal
FNDA:0,(anonymous_1)
DA:1,0
DA:19,0
DA:20,0
DA:21,0
DA:22,0
LF:5
LH:0
BRDA:21,0,0,0
BRDA:21,0,1,0
BRF:2
BRH:0
end_of_record
TN:
SF:src/lib/skill-templates.ts
FN:33,(anonymous_0)
FN:47,(anonymous_1)
FN:93,(anonymous_2)
FN:121,(anonymous_3)
FNF:4
FNH:4
FNDA:10,(anonymous_0)
FNDA:11,(anonymous_1)
FNDA:8,(anonymous_2)
FNDA:8,(anonymous_3)
DA:31,1
DA:33,10
DA:47,11
DA:93,8
DA:121,8
LF:5
LH:5
BRDA:40,0,0,10
BRDA:40,0,1,9
BRDA:42,1,0,1
BRDA:42,1,1,9
BRDA:54,2,0,11
BRDA:54,2,1,10
BRDA:100,3,0,8
BRDA:100,3,1,8
BRDA:128,4,0,8
BRDA:128,4,1,8
BRF:10
BRH:10
end_of_record
TN:
SF:src/lib/slack-manifest.ts
FN:33,generateSlackManifest
FNF:1
FNH:1
FNDA:15,generateSlackManifest
DA:38,15
DA:43,15
DA:45,15
LF:3
LH:3
BRDA:38,0,0,2
BRDA:38,0,1,13
BRDA:48,1,0,15
BRDA:48,1,1,14
BRF:4
BRH:4
end_of_record
